#
# A fatal error has been detected by the Java Runtime Environment:
#
#  EXCEPTION_ACCESS_VIOLATION (0xc0000005) at pc=0x000000006e697823, pid=4168, tid=0x0000000000000c18
#
# JRE version: Java(TM) SE Runtime Environment (8.0_151-b12) (build 1.8.0_151-b12)
# Java VM: Java HotSpot(TM) 64-Bit Server VM (25.151-b12 mixed mode windows-amd64 compressed oops)
# Problematic frame:
# V  [jvm.dll+0x77823]
#
# Failed to write core dump. Minidumps are not enabled by default on client versions of Windows
#
# If you would like to submit a bug report, please visit:
#   http://bugreport.java.com/bugreport/crash.jsp
#

---------------  T H R E A D  ---------------

Current thread (0x000000005504e800):  VMThread [stack: 0x00000000560b0000,0x00000000561b0000] [id=3096]

siginfo: ExceptionCode=0xc0000005, reading address 0x000020f400000011

Registers:
RAX=0x000000006ec75c68, RBX=0x000020f400000001, RCX=0x00000000561af608, RDX=0x0000000000000094
RSP=0x00000000561af4f0, RBP=0x00000000561af5e8, RSI=0x00000000561af608, RDI=0x0000000000040008
R8 =0x00000000eb180000, R9 =0x000000000000ea6d, R10=0x0000000000000001, R11=0x00000000561af548
R12=0x0000000000000004, R13=0x0000000000028bf0, R14=0x00000000561af628, R15=0x000000006edf60c8
RIP=0x000000006e697823, EFLAGS=0x0000000000010202

Top of Stack: (sp=0x00000000561af4f0)
0x00000000561af4f0:   00000000021e3d60 000000006e8b5fa8
0x00000000561af500:   00000000000001c8 000000006e645bcf
0x00000000561af510:   0000000000028bf0 00000000000098ef
0x00000000561af520:   00000000021ca000 0000000000000000
0x00000000561af530:   000000006edf5f60 0000000000000004
0x00000000561af540:   000000006ec75cb0 000000006e698720
0x00000000561af550:   000000006edf60c8 000000005504be80
0x00000000561af560:   00000000561af690 00000000021cd570
0x00000000561af570:   00000000561af5e8 00000000561af628
0x00000000561af580:   00000000021cd570 000000006ea22c05
0x00000000561af590:   000000005504be80 000000006ec75cb0
0x00000000561af5a0:   000000006ec75cb0 0000000054f35520
0x00000000561af5b0:   000000006edf5f60 0000000000000000
0x00000000561af5c0:   000000006edf5f60 0000000000000000
0x00000000561af5d0:   00000000561af801 0000000070bcd701
0x00000000561af5e0:   000000000267c301 0000000000000531 

Instructions: (pc=0x000000006e697823)
0x000000006e697803:   0e 48 85 db 74 78 4c 8b 7c 24 60 4c 8b b4 24 88
0x000000006e697813:   00 00 00 66 66 0f 1f 84 00 00 00 00 00 49 8b 07
0x000000006e697823:   48 8b 53 10 49 8b cf ff 10 84 c0 74 18 48 85 f6
0x000000006e697833:   74 0d 48 8b 06 48 8d 53 10 48 8b ce ff 50 08 48 


Register to memory mapping:

RAX=0x000000006ec75c68 is an unknown value
RBX=0x000020f400000001 is an unknown value
RCX=0x00000000561af608 is an unknown value
RDX=0x0000000000000094 is an unknown value
RSP=0x00000000561af4f0 is an unknown value
RBP=0x00000000561af5e8 is an unknown value
RSI=0x00000000561af608 is an unknown value
RDI=0x0000000000040008 is an unknown value
R8 =0x00000000eb180000 is an oop
[I 
 - klass: {type array int}
 - length: 0
R9 =0x000000000000ea6d is an unknown value
R10=0x0000000000000001 is an unknown value
R11=0x00000000561af548 is an unknown value
R12=0x0000000000000004 is an unknown value
R13=0x0000000000028bf0 is an unknown value
R14=0x00000000561af628 is an unknown value
R15=0x000000006edf60c8 is an unknown value


Stack: [0x00000000560b0000,0x00000000561b0000],  sp=0x00000000561af4f0,  free space=1021k
Native frames: (J=compiled Java code, j=interpreted, Vv=VM code, C=native code)
V  [jvm.dll+0x77823]
V  [jvm.dll+0x78720]
V  [jvm.dll+0x402c05]
V  [jvm.dll+0x403330]
V  [jvm.dll+0x3f31c4]
V  [jvm.dll+0x4056d6]
V  [jvm.dll+0x24b9a7]
V  [jvm.dll+0x24ac46]
V  [jvm.dll+0x24b0e1]
V  [jvm.dll+0x24b2fe]
V  [jvm.dll+0x29c3ea]
C  [msvcr100.dll+0x21d9f]
C  [msvcr100.dll+0x21e3b]
C  [kernel32.dll+0x159cd]
C  [ntdll.dll+0x2a561]

VM_Operation (0x000000000267c1e0): ParallelGCFailedAllocation, mode: safepoint, requested by thread 0x00000000021cb000


---------------  P R O C E S S  ---------------

Java Threads: ( => current thread )
  0x0000000057872800 JavaThread "RMI TCP Accept-0" daemon [_thread_in_native, id=3176, stack(0x0000000058260000,0x0000000058360000)]
  0x000000005782b000 JavaThread "RMI TCP Accept-2076" daemon [_thread_in_native, id=3880, stack(0x00000000580f0000,0x00000000581f0000)]
  0x000000005781b000 JavaThread "RMI TCP Accept-0" daemon [_thread_in_native, id=3104, stack(0x0000000057f30000,0x0000000058030000)]
  0x000000005660a800 JavaThread "Service Thread" daemon [_thread_blocked, id=2200, stack(0x0000000056b00000,0x0000000056c00000)]
  0x00000000550be000 JavaThread "C1 CompilerThread2" daemon [_thread_blocked, id=4284, stack(0x0000000056db0000,0x0000000056eb0000)]
  0x00000000550bd800 JavaThread "C2 CompilerThread1" daemon [_thread_blocked, id=4592, stack(0x0000000056c40000,0x0000000056d40000)]
  0x00000000565a9000 JavaThread "C2 CompilerThread0" daemon [_thread_blocked, id=4868, stack(0x00000000562e0000,0x00000000563e0000)]
  0x00000000565a6800 JavaThread "Attach Listener" daemon [_thread_blocked, id=2524, stack(0x0000000055fb0000,0x00000000560b0000)]
  0x00000000550b5000 JavaThread "Signal Dispatcher" daemon [_thread_blocked, id=4196, stack(0x00000000569b0000,0x0000000056ab0000)]
  0x000000005509e000 JavaThread "Finalizer" daemon [_thread_blocked, id=2024, stack(0x00000000564a0000,0x00000000565a0000)]
  0x0000000055056800 JavaThread "Reference Handler" daemon [_thread_blocked, id=1060, stack(0x00000000561d0000,0x00000000562d0000)]
  0x00000000021cb000 JavaThread "main" [_thread_blocked, id=1572, stack(0x0000000002580000,0x0000000002680000)]

Other Threads:
=>0x000000005504e800 VMThread [stack: 0x00000000560b0000,0x00000000561b0000] [id=3096]
  0x000000005787a000 WatcherThread [stack: 0x0000000058450000,0x0000000058550000] [id=3656]

VM state:at safepoint (normal execution)

VM Mutex/Monitor currently owned by a thread:  ([mutex/lock_event])
[0x00000000021c8f00] Threads_lock - owner thread: 0x000000005504e800
[0x00000000021c9400] Heap_lock - owner thread: 0x00000000021cb000

Heap:
 PSYoungGen      total 18944K, used 16384K [0x00000000eb180000, 0x00000000ec680000, 0x0000000100000000)
  eden space 16384K, 100% used [0x00000000eb180000,0x00000000ec180000,0x00000000ec180000)
  from space 2560K, 0% used [0x00000000ec400000,0x00000000ec400000,0x00000000ec680000)
  to   space 2560K, 98% used [0x00000000ec180000,0x00000000ec3f8d08,0x00000000ec400000)
 ParOldGen       total 44032K, used 736K [0x00000000c1400000, 0x00000000c3f00000, 0x00000000eb180000)
  object space 44032K, 1% used [0x00000000c1400000,0x00000000c14b83e8,0x00000000c3f00000)
 Metaspace       used 9223K, capacity 9436K, committed 9728K, reserved 1058816K
  class space    used 1163K, capacity 1226K, committed 1280K, reserved 1048576K

Card table byte_map: [0x0000000011d10000,0x0000000011f10000] byte_map_base: 0x0000000011706000

Marking Bits: (ParMarkBitMap*) 0x000000006ee3d850
 Begin Bits: [0x0000000012560000, 0x0000000013510000)
 End Bits:   [0x0000000013510000, 0x00000000144c0000)

Polling page: 0x0000000000120000

CodeCache: size=245760Kb used=2099Kb max_used=2099Kb free=243660Kb
 bounds [0x0000000002950000, 0x0000000002bc0000, 0x0000000011950000]
 total_blobs=1012 nmethods=652 adapters=273
 compilation: enabled

Compilation events (10 events):
Event: 0.514 Thread 0x00000000550be000  647   !   1       org.springframework.util.ConcurrentReferenceHashMap$Segment::restructureIfNecessary (335 bytes)
Event: 0.516 Thread 0x00000000550be000 nmethod 647 0x0000000002b56050 code [0x0000000002b562e0, 0x0000000002b571a8]
Event: 0.516 Thread 0x00000000550be000  648       1       org.springframework.util.ConcurrentReferenceHashMap$ReferenceManager::pollForPurge (11 bytes)
Event: 0.516 Thread 0x00000000550be000 nmethod 648 0x0000000002b58450 code [0x0000000002b585c0, 0x0000000002b588e8]
Event: 0.516 Thread 0x00000000550be000  649   !   1       sun.misc.URLClassPath$JarLoader::getResource (353 bytes)
Event: 0.518 Thread 0x00000000550be000 nmethod 649 0x0000000002b58a50 code [0x0000000002b58d60, 0x0000000002b59988]
Event: 0.518 Thread 0x00000000550be000  650   !   1       org.springframework.util.ConcurrentReferenceHashMap$Segment::clear (44 bytes)
Event: 0.519 Thread 0x00000000550be000 nmethod 650 0x0000000002b5af50 code [0x0000000002b5b0e0, 0x0000000002b5b3b8]
Event: 0.521 Thread 0x00000000550be000  652       1       java.io.WinNTFileSystem::resolve (231 bytes)
Event: 0.522 Thread 0x00000000550be000 nmethod 652 0x0000000002b5ba50 code [0x0000000002b5bc80, 0x0000000002b5c628]

GC Heap History (1 events):
Event: 0.523 GC heap before
{Heap before GC invocations=1 (full 0):
 PSYoungGen      total 18944K, used 16384K [0x00000000eb180000, 0x00000000ec680000, 0x0000000100000000)
  eden space 16384K, 100% used [0x00000000eb180000,0x00000000ec180000,0x00000000ec180000)
  from space 2560K, 0% used [0x00000000ec400000,0x00000000ec400000,0x00000000ec680000)
  to   space 2560K, 0% used [0x00000000ec180000,0x00000000ec180000,0x00000000ec400000)
 ParOldGen       total 44032K, used 0K [0x00000000c1400000, 0x00000000c3f00000, 0x00000000eb180000)
  object space 44032K, 0% used [0x00000000c1400000,0x00000000c1400000,0x00000000c3f00000)
 Metaspace       used 9223K, capacity 9436K, committed 9728K, reserved 1058816K
  class space    used 1163K, capacity 1226K, committed 1280K, reserved 1048576K

Deoptimization events (0 events):
No events

Internal exceptions (10 events):
Event: 0.512 Thread 0x00000000021cb000 Exception <a 'java/lang/ArrayIndexOutOfBoundsException'> (0x00000000ec0da5f0) thrown at [C:\re\workspace\8-2-build-windows-amd64-cygwin\jdk8u151\9699\hotspot\src\share\vm\runtime\sharedRuntime.cpp, line 605]
Event: 0.513 Thread 0x00000000021cb000 Exception <a 'java/lang/ArrayIndexOutOfBoundsException'> (0x00000000ec0dbd50) thrown at [C:\re\workspace\8-2-build-windows-amd64-cygwin\jdk8u151\9699\hotspot\src\share\vm\runtime\sharedRuntime.cpp, line 605]
Event: 0.514 Thread 0x00000000021cb000 Exception <a 'java/lang/ArrayIndexOutOfBoundsException'> (0x00000000ec0ea2f8) thrown at [C:\re\workspace\8-2-build-windows-amd64-cygwin\jdk8u151\9699\hotspot\src\share\vm\runtime\sharedRuntime.cpp, line 605]
Event: 0.514 Thread 0x00000000021cb000 Exception <a 'java/lang/ArrayIndexOutOfBoundsException'> (0x00000000ec0f7f50) thrown at [C:\re\workspace\8-2-build-windows-amd64-cygwin\jdk8u151\9699\hotspot\src\share\vm\runtime\sharedRuntime.cpp, line 605]
Event: 0.518 Thread 0x00000000021cb000 Exception <a 'java/lang/ArrayIndexOutOfBoundsException'> (0x00000000ec105458) thrown at [C:\re\workspace\8-2-build-windows-amd64-cygwin\jdk8u151\9699\hotspot\src\share\vm\runtime\sharedRuntime.cpp, line 605]
Event: 0.518 Thread 0x00000000021cb000 Exception <a 'java/lang/ArrayIndexOutOfBoundsException'> (0x00000000ec112a10) thrown at [C:\re\workspace\8-2-build-windows-amd64-cygwin\jdk8u151\9699\hotspot\src\share\vm\runtime\sharedRuntime.cpp, line 605]
Event: 0.519 Thread 0x00000000021cb000 Exception <a 'java/lang/ArrayIndexOutOfBoundsException'> (0x00000000ec11ff18) thrown at [C:\re\workspace\8-2-build-windows-amd64-cygwin\jdk8u151\9699\hotspot\src\share\vm\runtime\sharedRuntime.cpp, line 605]
Event: 0.520 Thread 0x00000000021cb000 Exception <a 'java/lang/ArrayIndexOutOfBoundsException'> (0x00000000ec12e3e0) thrown at [C:\re\workspace\8-2-build-windows-amd64-cygwin\jdk8u151\9699\hotspot\src\share\vm\runtime\sharedRuntime.cpp, line 605]
Event: 0.520 Thread 0x00000000021cb000 Exception <a 'java/lang/ArrayIndexOutOfBoundsException'> (0x00000000ec13e060) thrown at [C:\re\workspace\8-2-build-windows-amd64-cygwin\jdk8u151\9699\hotspot\src\share\vm\runtime\sharedRuntime.cpp, line 605]
Event: 0.521 Thread 0x00000000021cb000 Exception <a 'java/lang/ArrayIndexOutOfBoundsException'> (0x00000000ec14de28) thrown at [C:\re\workspace\8-2-build-windows-amd64-cygwin\jdk8u151\9699\hotspot\src\share\vm\runtime\sharedRuntime.cpp, line 605]

Events (10 events):
Event: 0.521 loading class java/util/UUID done
Event: 0.521 loading class org/springframework/core/convert/support/ArrayToCollectionConverter
Event: 0.521 loading class org/springframework/core/convert/support/ArrayToCollectionConverter done
Event: 0.522 loading class org/springframework/core/convert/support/CollectionToArrayConverter
Event: 0.522 loading class org/springframework/core/convert/support/CollectionToArrayConverter done
Event: 0.523 loading class org/springframework/core/convert/support/ArrayToArrayConverter
Event: 0.523 loading class org/springframework/core/convert/support/ArrayToArrayConverter done
Event: 0.523 loading class org/springframework/core/convert/support/CollectionToCollectionConverter
Event: 0.523 loading class org/springframework/core/convert/support/CollectionToCollectionConverter done
Event: 0.523 Executing VM operation: ParallelGCFailedAllocation


Dynamic libraries:
0x000000013f1d0000 - 0x000000013f207000 	C:\Program Files\Java\jre1.8.0_151\bin\javaw.exe
0x00000000779d0000 - 0x0000000077b7a000 	C:\Windows\SYSTEM32\ntdll.dll
0x00000000778b0000 - 0x00000000779cf000 	C:\Windows\system32\kernel32.dll
0x000007fefd6f0000 - 0x000007fefd75a000 	C:\Windows\system32\KERNELBASE.dll
0x000007fefe060000 - 0x000007fefe13b000 	C:\Windows\system32\ADVAPI32.dll
0x000007fefe6c0000 - 0x000007fefe75f000 	C:\Windows\system32\msvcrt.dll
0x000007feff500000 - 0x000007feff51f000 	C:\Windows\SYSTEM32\sechost.dll
0x000007feffb50000 - 0x000007feffc7d000 	C:\Windows\system32\RPCRT4.dll
0x00000000777b0000 - 0x00000000778aa000 	C:\Windows\system32\USER32.dll
0x000007fefe490000 - 0x000007fefe4f7000 	C:\Windows\system32\GDI32.dll
0x000007fefe480000 - 0x000007fefe48e000 	C:\Windows\system32\LPK.dll
0x000007fefe500000 - 0x000007fefe5cb000 	C:\Windows\system32\USP10.dll
0x000007fefc110000 - 0x000007fefc304000 	C:\Windows\WinSxS\amd64_microsoft.windows.common-controls_6595b64144ccf1df_6.0.7601.18837_none_fa3b1e3d17594757\COMCTL32.dll
0x000007feff520000 - 0x000007feff591000 	C:\Windows\system32\SHLWAPI.dll
0x000007fefe030000 - 0x000007fefe05e000 	C:\Windows\system32\IMM32.DLL
0x000007fefe370000 - 0x000007fefe479000 	C:\Windows\system32\MSCTF.dll
0x0000000070b90000 - 0x0000000070c62000 	C:\Program Files\Java\jre1.8.0_151\bin\msvcr100.dll
0x000000006e620000 - 0x000000006eebd000 	C:\Program Files\Java\jre1.8.0_151\bin\server\jvm.dll
0x000007fef65e0000 - 0x000007fef65e9000 	C:\Windows\system32\WSOCK32.dll
0x000007fefe670000 - 0x000007fefe6bd000 	C:\Windows\system32\WS2_32.dll
0x000007feff4f0000 - 0x000007feff4f8000 	C:\Windows\system32\NSI.dll
0x000007fefb4e0000 - 0x000007fefb51b000 	C:\Windows\system32\WINMM.dll
0x000007fefc7a0000 - 0x000007fefc7ac000 	C:\Windows\system32\VERSION.dll
0x0000000077ba0000 - 0x0000000077ba7000 	C:\Windows\system32\PSAPI.DLL
0x00000000752d0000 - 0x00000000752df000 	C:\Program Files\Java\jre1.8.0_151\bin\verify.dll
0x0000000075100000 - 0x0000000075129000 	C:\Program Files\Java\jre1.8.0_151\bin\java.dll
0x00000000750e0000 - 0x00000000750f6000 	C:\Program Files\Java\jre1.8.0_151\bin\zip.dll
0x000007fefe760000 - 0x000007feff4ea000 	C:\Windows\system32\SHELL32.dll
0x000007feff8d0000 - 0x000007feffacc000 	C:\Windows\system32\ole32.dll
0x000007fefd6c0000 - 0x000007fefd6cf000 	C:\Windows\system32\profapi.dll
0x0000000074af0000 - 0x0000000074afd000 	C:\Program Files\Java\jre1.8.0_151\bin\management.dll
0x00000000750c0000 - 0x00000000750da000 	C:\Program Files\Java\jre1.8.0_151\bin\net.dll
0x000007fefcfc0000 - 0x000007fefd015000 	C:\Windows\system32\mswsock.dll
0x000007fefd080000 - 0x000007fefd087000 	C:\Windows\System32\wship6.dll
0x00000000750a0000 - 0x00000000750b1000 	C:\Program Files\Java\jre1.8.0_151\bin\nio.dll
0x000007fefb520000 - 0x000007fefb535000 	C:\Windows\system32\NLAapi.dll
0x000007fef8e20000 - 0x000007fef8e35000 	C:\Windows\system32\napinsp.dll
0x000007fef8e00000 - 0x000007fef8e19000 	C:\Windows\system32\pnrpnsp.dll
0x000007fefccd0000 - 0x000007fefcd2b000 	C:\Windows\system32\DNSAPI.dll
0x000007fef8f50000 - 0x000007fef8f5b000 	C:\Windows\System32\winrnr.dll
0x000007fefcad0000 - 0x000007fefcad7000 	C:\Windows\System32\wshtcpip.dll
0x000007fefb310000 - 0x000007fefb337000 	C:\Windows\system32\IPHLPAPI.DLL
0x000007fefb2c0000 - 0x000007fefb2cb000 	C:\Windows\system32\WINNSI.DLL
0x000007fef9ef0000 - 0x000007fef9ef8000 	C:\Windows\system32\rasadhlp.dll
0x000007fefb190000 - 0x000007fefb1e3000 	C:\Windows\System32\fwpuclnt.dll
0x000007fefd020000 - 0x000007fefd038000 	C:\Windows\system32\CRYPTSP.dll
0x000007fefca00000 - 0x000007fefca47000 	C:\Windows\system32\rsaenh.dll
0x000007fefd990000 - 0x000007fefd9ae000 	C:\Windows\system32\USERENV.dll
0x000007fefd520000 - 0x000007fefd52f000 	C:\Windows\system32\CRYPTBASE.dll
0x000007fefb090000 - 0x000007fefb0a1000 	C:\Windows\system32\dhcpcsvc6.DLL
0x000007fefaef0000 - 0x000007fefaf08000 	C:\Windows\system32\dhcpcsvc.DLL
0x000007fef6780000 - 0x000007fef68a5000 	C:\Windows\system32\dbghelp.dll

VM Arguments:
jvm_args: -Dcom.sun.management.jmxremote -Dcom.sun.management.jmxremote.port=2076 -Dcom.sun.management.jmxremote.authenticate=false -Dcom.sun.management.jmxremote.ssl=false -Djava.rmi.server.hostname=localhost -Dspring.liveBeansView.mbeanDomain -Dspring.application.admin.enabled=true -Xverify:none -XX:TieredStopAtLevel=1 -Dfile.encoding=UTF-8 
java_command: br.com.empresa.EmpresaApplication --spring.output.ansi.enabled=always
java_class_path (initial): C:\Program Files\Java\jre1.8.0_151\lib\resources.jar;C:\Program Files\Java\jre1.8.0_151\lib\rt.jar;C:\Program Files\Java\jre1.8.0_151\lib\jsse.jar;C:\Program Files\Java\jre1.8.0_151\lib\jce.jar;C:\Program Files\Java\jre1.8.0_151\lib\charsets.jar;C:\Program Files\Java\jre1.8.0_151\lib\jfr.jar;C:\Program Files\Java\jre1.8.0_151\lib\ext\access-bridge-64.jar;C:\Program Files\Java\jre1.8.0_151\lib\ext\cldrdata.jar;C:\Program Files\Java\jre1.8.0_151\lib\ext\dnsns.jar;C:\Program Files\Java\jre1.8.0_151\lib\ext\jaccess.jar;C:\Program Files\Java\jre1.8.0_151\lib\ext\jfxrt.jar;C:\Program Files\Java\jre1.8.0_151\lib\ext\localedata.jar;C:\Program Files\Java\jre1.8.0_151\lib\ext\nashorn.jar;C:\Program Files\Java\jre1.8.0_151\lib\ext\sunec.jar;C:\Program Files\Java\jre1.8.0_151\lib\ext\sunjce_provider.jar;C:\Program Files\Java\jre1.8.0_151\lib\ext\sunmscapi.jar;C:\Program Files\Java\jre1.8.0_151\lib\ext\sunpkcs11.jar;C:\Program Files\Java\jre1.8.0_151\lib\ext\zipfs.jar;C:\Users\COLCIC\Documents\workspace-sts-3.9.1.RELEASE\empresa\target\classes;C:\Users\COLCIC\.m2\repository\org\springframework\boot\spring-boot-starter-data-jpa\1.5.8.RELEASE\spring-boot-starter-data-jpa-1.5.8.RELEASE.jar;C:\Users\COLCIC\.m2\repository\org\springframework\boot\spring-boot-starter\1.5.8.RELEASE\spring-boot-starter-1.5.8.RELEASE.jar;C:\Users\COLCIC\.m2\repository\org\springframework\boot\spring-boot-starter-logging\1.5.8.RELEASE\spring-boot-starter-logging-1.5.8.RELEASE.jar;C:\Users\COLCIC\.m2\repository\ch\qos\logback\logback-classic\1.1.11\logback-classic-1.1.11.jar;C:\Users\COLCIC\.m2\repository\ch\qos\logback\logback-core\1.1.11\logback-core-1.1.11.jar;C:\Users\COLCIC\.m2\repository\org\slf4j\jul-to-slf4j\1.7.25\jul-to-slf4j-1.7.25.jar;C:\Users\COLCIC\.m2\repository\org\slf4j\log4j-over-slf4j\1.7.25\log4j-over-slf4j-1.7.25.jar;C:\Users\COLCIC\.m2\repository\org\yaml\snakeyaml\1.17\snakeyaml-1.17.jar;C:\Users\COLCIC\.m2\repository\org\springframework\boot\spring-boot-
Launcher Type: SUN_STANDARD

Environment Variables:
JAVA_HOME=C:\Program Files\Java\jdk1.8.0_121
CLASSPATH=C:\Program Files\Java\jdk1.8.0_121\lib\tools.jar
PATH=C:/Program Files/Java/jre1.8.0_151/bin/server;C:/Program Files/Java/jre1.8.0_151/bin;C:/Program Files/Java/jre1.8.0_151/lib/amd64;C:\Ruby23-x64\bin;C:\Program Files (x86)\Python36-32\Scripts\;C:\Program Files (x86)\Python36-32\;C:\ProgramData\Oracle\Java\javapath;C:\Windows\system32;C:\Windows;C:\Windows\System32\Wbem;C:\Windows\System32\WindowsPowerShell\v1.0\;C:\Users\Administrator\.dnx\bin;C:\Program Files\Microsoft DNX\Dnvm\;C:\Program Files\Microsoft SQL Server\120\Tools\Binn\;C:\Program Files\Microsoft SQL Server\130\Tools\Binn\;C:\gpt\bin;C:\Program Files\Java\jdk1.8.0_121\bin;C:\Program Files (x86)\MiKTeX 2.9\miktex\bin\;C:\Ruby23-x64\bin;C:\Program Files (x86)\Python36-32\Scripts\;C:\Program Files (x86)\Python36-32\;C:\ProgramData\Oracle\Java\javapath;C:\Windows\system32;C:\Windows;C:\Windows\System32\Wbem;C:\Windows\System32\WindowsPowerShell\v1.0\;C:\Users\Administrator\.dnx\bin;C:\Program Files\Microsoft DNX\Dnvm\;C:\Program Files\Microsoft SQL Server\120\Tools\Binn\;C:\Program Files\Microsoft SQL Server\130\Tools\Binn\;C:\gpt\bin;C:\Program Files\Java\jdk1.8.0_121\bin;C:\Program Files (x86)\MiKTeX 2.9\miktex\bin\;C:\Users\COLCIC\AppData\Local\Programs\Git\cmd;C:\Users\Public\Documents\sts-bundle\sts-3.9.1.RELEASE;
USERNAME=COLCIC
OS=Windows_NT
PROCESSOR_IDENTIFIER=Intel64 Family 6 Model 42 Stepping 7, GenuineIntel



---------------  S Y S T E M  ---------------

OS: Windows 7 , 64 bit Build 7601 (6.1.7601.23915)

CPU:total 4 (initial active 4) (2 cores per cpu, 2 threads per core) family 6 model 42 stepping 7, cmov, cx8, fxsr, mmx, sse, sse2, sse3, ssse3, sse4.1, sse4.2, popcnt, avx, clmul, ht, tsc, tscinvbit

Memory: 4k page, physical 4104836k(1383132k free), swap 8207812k(4949240k free)

vm_info: Java HotSpot(TM) 64-Bit Server VM (25.151-b12) for windows-amd64 JRE (1.8.0_151-b12), built on Sep  5 2017 19:33:46 by "java_re" with MS VC++ 10.0 (VS2010)

time: Thu Nov 09 13:15:45 2017
elapsed time: 0 seconds (0d 0h 0m 0s)

