#
# A fatal error has been detected by the Java Runtime Environment:
#
#  Internal Error (signature.cpp:54), pid=4288, tid=0x0000000000000fbc
#  fatal error: expecting (
#
# JRE version: Java(TM) SE Runtime Environment (8.0_151-b12) (build 1.8.0_151-b12)
# Java VM: Java HotSpot(TM) 64-Bit Server VM (25.151-b12 mixed mode windows-amd64 compressed oops)
# Failed to write core dump. Minidumps are not enabled by default on client versions of Windows
#
# If you would like to submit a bug report, please visit:
#   http://bugreport.java.com/bugreport/crash.jsp
#

---------------  T H R E A D  ---------------

Current thread (0x000000000206b000):  JavaThread "main" [_thread_in_vm, id=4028, stack(0x0000000002260000,0x0000000002360000)]

Stack: [0x0000000002260000,0x0000000002360000]
[error occurred during error reporting (printing stack bounds), id 0xc0000005]

Native frames: (J=compiled Java code, j=interpreted, Vv=VM code, C=native code)

Java frames: (J=compiled Java code, j=interpreted, Vv=VM code)
j  com.sun.jmx.mbeanserver.MXBeanIntrospector.checkMethod(Lcom/sun/jmx/mbeanserver/ConvertingMethod;)V+1
j  com.sun.jmx.mbeanserver.MXBeanIntrospector.checkMethod(Ljava/lang/Object;)V+5
j  com.sun.jmx.mbeanserver.PerInterface$InitMaps.visitAttribute(Ljava/lang/String;Ljava/lang/Object;Ljava/lang/Object;)V+12
j  com.sun.jmx.mbeanserver.MBeanAnalyzer.visit(Lcom/sun/jmx/mbeanserver/MBeanAnalyzer$MBeanVisitor;)V+69
j  com.sun.jmx.mbeanserver.PerInterface.<init>(Ljava/lang/Class;Lcom/sun/jmx/mbeanserver/MBeanIntrospector;Lcom/sun/jmx/mbeanserver/MBeanAnalyzer;Ljavax/management/MBeanInfo;)V+51
j  com.sun.jmx.mbeanserver.MBeanIntrospector.getPerInterface(Ljava/lang/Class;)Lcom/sun/jmx/mbeanserver/PerInterface;+69
j  com.sun.jmx.mbeanserver.MBeanSupport.<init>(Ljava/lang/Object;Ljava/lang/Class;)V+90
j  com.sun.jmx.mbeanserver.MXBeanSupport.<init>(Ljava/lang/Object;Ljava/lang/Class;)V+3
j  javax.management.StandardMBean.construct(Ljava/lang/Object;Ljava/lang/Class;ZZ)V+56
j  javax.management.StandardMBean.<init>(Ljava/lang/Object;Ljava/lang/Class;Z)V+9
j  java.lang.management.ManagementFactory$2.run()Ljava/lang/Void;+70
j  java.lang.management.ManagementFactory$2.run()Ljava/lang/Object;+1
v  ~StubRoutines::call_stub
j  java.security.AccessController.doPrivileged(Ljava/security/PrivilegedExceptionAction;)Ljava/lang/Object;+0
j  java.lang.management.ManagementFactory.addMXBean(Ljavax/management/MBeanServer;Ljava/lang/management/PlatformManagedObject;)V+9
j  java.lang.management.ManagementFactory.getPlatformMBeanServer()Ljavax/management/MBeanServer;+120
j  sun.management.jmxremote.ConnectorBootstrap.startRemoteConnectorServer(Ljava/lang/String;Ljava/util/Properties;)Ljavax/management/remote/JMXConnectorServer;+783
j  sun.management.Agent.startAgent(Ljava/util/Properties;)V+66
j  sun.management.Agent.startAgent()V+19
v  ~StubRoutines::call_stub

---------------  P R O C E S S  ---------------

Java Threads: ( => current thread )
  0x0000000056795800 JavaThread "Service Thread" daemon [_thread_blocked, id=2344, stack(0x0000000057180000,0x0000000057280000)]
  0x0000000056718000 JavaThread "C1 CompilerThread2" daemon [_thread_blocked, id=3168, stack(0x0000000056ee0000,0x0000000056fe0000)]
  0x0000000056717000 JavaThread "C2 CompilerThread1" daemon [_thread_blocked, id=2052, stack(0x0000000056d50000,0x0000000056e50000)]
  0x0000000056714800 JavaThread "C2 CompilerThread0" daemon [_thread_blocked, id=4552, stack(0x0000000056b30000,0x0000000056c30000)]
  0x00000000550ca800 JavaThread "Attach Listener" daemon [_thread_blocked, id=4200, stack(0x00000000561c0000,0x00000000562c0000)]
  0x00000000550c7800 JavaThread "Signal Dispatcher" daemon [_thread_blocked, id=3380, stack(0x0000000056610000,0x0000000056710000)]
  0x00000000550ae000 JavaThread "Finalizer" daemon [_thread_blocked, id=1000, stack(0x0000000056450000,0x0000000056550000)]
  0x0000000055066800 JavaThread "Reference Handler" daemon [_thread_blocked, id=4332, stack(0x0000000056340000,0x0000000056440000)]
=>0x000000000206b000 JavaThread "main" [_thread_in_vm, id=4028, stack(0x0000000002260000,0x0000000002360000)]

Other Threads:
  0x000000005505e800 VMThread [stack: 0x0000000056060000,0x0000000056160000] [id=5020]

VM state:not at safepoint (normal execution)

VM Mutex/Monitor currently owned by a thread: None

Heap:
 PSYoungGen      total 18944K, used 1310K [0x00000000eb180000, 0x00000000ec680000, 0x0000000100000000)
  eden space 16384K, 8% used [0x00000000eb180000,0x00000000eb2c7b78,0x00000000ec180000)
  from space 2560K, 0% used [0x00000000ec400000,0x00000000ec400000,0x00000000ec680000)
  to   space 2560K, 0% used [0x00000000ec180000,0x00000000ec180000,0x00000000ec400000)
 ParOldGen       total 44032K, used 0K [0x00000000c1400000, 0x00000000c3f00000, 0x00000000eb180000)
  object space 44032K, 0% used [0x00000000c1400000,0x00000000c1400000,0x00000000c3f00000)
 Metaspace       used 3481K, capacity 4520K, committed 4608K, reserved 1056768K
  class space    used 398K, capacity 424K, committed 512K, reserved 1048576K

Card table byte_map: [0x0000000011b20000,0x0000000011d20000] byte_map_base: 0x0000000011516000

Marking Bits: (ParMarkBitMap*) 0x000000006ee3d850
 Begin Bits: [0x0000000012570000, 0x0000000013520000)
 End Bits:   [0x0000000013520000, 0x00000000144d0000)

Polling page: 0x00000000001b0000

CodeCache: size=245760Kb used=1118Kb max_used=1118Kb free=244641Kb
 bounds [0x0000000002760000, 0x00000000029d0000, 0x0000000011760000]
 total_blobs=289 nmethods=36 adapters=166
 compilation: enabled

Compilation events (10 events):
Event: 0.149 Thread 0x0000000056718000   31       1       java.util.logging.Logger::getName (5 bytes)
Event: 0.149 Thread 0x0000000056718000 nmethod 31 0x0000000002874c90 code [0x0000000002874de0, 0x0000000002874ef0]
Event: 0.157 Thread 0x0000000056718000   32       1       java.lang.ref.Reference::<init> (25 bytes)
Event: 0.157 Thread 0x0000000056718000 nmethod 32 0x0000000002875b90 code [0x0000000002875ce0, 0x0000000002875e50]
Event: 0.159 Thread 0x0000000056718000   33       1       java.lang.CharacterData::of (120 bytes)
Event: 0.159 Thread 0x0000000056718000 nmethod 33 0x00000000028765d0 code [0x0000000002876780, 0x0000000002876c90]
Event: 0.159 Thread 0x0000000056718000   34       1       java.lang.CharacterDataLatin1::getProperties (11 bytes)
Event: 0.159 Thread 0x0000000056718000 nmethod 34 0x0000000002876ed0 code [0x0000000002877020, 0x0000000002877170]
Event: 0.159 Thread 0x0000000056718000   35       1       java.lang.Character::toLowerCase (9 bytes)
Event: 0.159 Thread 0x0000000056718000 nmethod 35 0x0000000002877250 code [0x00000000028773c0, 0x00000000028774f8]

GC Heap History (0 events):
No events

Deoptimization events (0 events):
No events

Internal exceptions (2 events):
Event: 0.059 Thread 0x000000000206b000 Exception <a 'java/lang/NoSuchMethodError': Method sun.misc.Unsafe.defineClass(Ljava/lang/String;[BII)Ljava/lang/Class; name or signature does not match> (0x00000000eb187ca8) thrown at [C:\re\workspace\8-2-build-windows-amd64-cygwin\jdk8u151\9699\hotspot\
Event: 0.059 Thread 0x000000000206b000 Exception <a 'java/lang/NoSuchMethodError': Method sun.misc.Unsafe.prefetchRead(Ljava/lang/Object;J)V name or signature does not match> (0x00000000eb187f90) thrown at [C:\re\workspace\8-2-build-windows-amd64-cygwin\jdk8u151\9699\hotspot\src\share\vm\prims

Events (10 events):
Event: 0.158 loading class javax/management/openmbean/OpenMBeanAttributeInfoSupport
Event: 0.158 loading class javax/management/openmbean/OpenMBeanAttributeInfo
Event: 0.158 loading class javax/management/openmbean/OpenMBeanParameterInfo
Event: 0.158 loading class javax/management/openmbean/OpenMBeanParameterInfo done
Event: 0.158 loading class javax/management/openmbean/OpenMBeanAttributeInfo done
Event: 0.158 loading class javax/management/openmbean/OpenMBeanAttributeInfoSupport done
Event: 0.159 loading class com/sun/jmx/mbeanserver/PerInterface
Event: 0.159 loading class com/sun/jmx/mbeanserver/PerInterface done
Event: 0.159 loading class com/sun/jmx/mbeanserver/PerInterface$InitMaps
Event: 0.159 loading class com/sun/jmx/mbeanserver/PerInterface$InitMaps done


Dynamic libraries:
0x000000013f1d0000 - 0x000000013f207000 	C:\Program Files\Java\jre1.8.0_151\bin\javaw.exe
0x00000000779d0000 - 0x0000000077b7a000 	C:\Windows\SYSTEM32\ntdll.dll
0x00000000778b0000 - 0x00000000779cf000 	C:\Windows\system32\kernel32.dll
0x000007fefd6f0000 - 0x000007fefd75a000 	C:\Windows\system32\KERNELBASE.dll
0x000007fefe060000 - 0x000007fefe13b000 	C:\Windows\system32\ADVAPI32.dll
0x000007fefe6c0000 - 0x000007fefe75f000 	C:\Windows\system32\msvcrt.dll
0x000007feff500000 - 0x000007feff51f000 	C:\Windows\SYSTEM32\sechost.dll
0x000007feffb50000 - 0x000007feffc7d000 	C:\Windows\system32\RPCRT4.dll
0x00000000777b0000 - 0x00000000778aa000 	C:\Windows\system32\USER32.dll
0x000007fefe490000 - 0x000007fefe4f7000 	C:\Windows\system32\GDI32.dll
0x000007fefe480000 - 0x000007fefe48e000 	C:\Windows\system32\LPK.dll
0x000007fefe500000 - 0x000007fefe5cb000 	C:\Windows\system32\USP10.dll
0x000007fefc110000 - 0x000007fefc304000 	C:\Windows\WinSxS\amd64_microsoft.windows.common-controls_6595b64144ccf1df_6.0.7601.18837_none_fa3b1e3d17594757\COMCTL32.dll
0x000007feff520000 - 0x000007feff591000 	C:\Windows\system32\SHLWAPI.dll
0x000007fefe030000 - 0x000007fefe05e000 	C:\Windows\system32\IMM32.DLL
0x000007fefe370000 - 0x000007fefe479000 	C:\Windows\system32\MSCTF.dll
0x0000000070b90000 - 0x0000000070c62000 	C:\Program Files\Java\jre1.8.0_151\bin\msvcr100.dll
0x000000006e620000 - 0x000000006eebd000 	C:\Program Files\Java\jre1.8.0_151\bin\server\jvm.dll
0x000007fef65e0000 - 0x000007fef65e9000 	C:\Windows\system32\WSOCK32.dll
0x000007fefe670000 - 0x000007fefe6bd000 	C:\Windows\system32\WS2_32.dll
0x000007feff4f0000 - 0x000007feff4f8000 	C:\Windows\system32\NSI.dll
0x000007fefb4e0000 - 0x000007fefb51b000 	C:\Windows\system32\WINMM.dll
0x000007fefc7a0000 - 0x000007fefc7ac000 	C:\Windows\system32\VERSION.dll
0x0000000077ba0000 - 0x0000000077ba7000 	C:\Windows\system32\PSAPI.DLL
0x00000000752d0000 - 0x00000000752df000 	C:\Program Files\Java\jre1.8.0_151\bin\verify.dll
0x0000000075100000 - 0x0000000075129000 	C:\Program Files\Java\jre1.8.0_151\bin\java.dll
0x00000000750e0000 - 0x00000000750f6000 	C:\Program Files\Java\jre1.8.0_151\bin\zip.dll
0x000007fefe760000 - 0x000007feff4ea000 	C:\Windows\system32\SHELL32.dll
0x000007feff8d0000 - 0x000007feffacc000 	C:\Windows\system32\ole32.dll
0x000007fefd6c0000 - 0x000007fefd6cf000 	C:\Windows\system32\profapi.dll
0x0000000074af0000 - 0x0000000074afd000 	C:\Program Files\Java\jre1.8.0_151\bin\management.dll

VM Arguments:
jvm_args: -Dcom.sun.management.jmxremote -Dcom.sun.management.jmxremote.port=2102 -Dcom.sun.management.jmxremote.authenticate=false -Dcom.sun.management.jmxremote.ssl=false -Djava.rmi.server.hostname=localhost -Dspring.liveBeansView.mbeanDomain -Dspring.application.admin.enabled=true -Xverify:none -XX:TieredStopAtLevel=1 -Dfile.encoding=UTF-8 
java_command: br.com.empresa.EmpresaApplication --spring.output.ansi.enabled=always
java_class_path (initial): C:\Program Files\Java\jre1.8.0_151\lib\resources.jar;C:\Program Files\Java\jre1.8.0_151\lib\rt.jar;C:\Program Files\Java\jre1.8.0_151\lib\jsse.jar;C:\Program Files\Java\jre1.8.0_151\lib\jce.jar;C:\Program Files\Java\jre1.8.0_151\lib\charsets.jar;C:\Program Files\Java\jre1.8.0_151\lib\jfr.jar;C:\Program Files\Java\jre1.8.0_151\lib\ext\access-bridge-64.jar;C:\Program Files\Java\jre1.8.0_151\lib\ext\cldrdata.jar;C:\Program Files\Java\jre1.8.0_151\lib\ext\dnsns.jar;C:\Program Files\Java\jre1.8.0_151\lib\ext\jaccess.jar;C:\Program Files\Java\jre1.8.0_151\lib\ext\jfxrt.jar;C:\Program Files\Java\jre1.8.0_151\lib\ext\localedata.jar;C:\Program Files\Java\jre1.8.0_151\lib\ext\nashorn.jar;C:\Program Files\Java\jre1.8.0_151\lib\ext\sunec.jar;C:\Program Files\Java\jre1.8.0_151\lib\ext\sunjce_provider.jar;C:\Program Files\Java\jre1.8.0_151\lib\ext\sunmscapi.jar;C:\Program Files\Java\jre1.8.0_151\lib\ext\sunpkcs11.jar;C:\Program Files\Java\jre1.8.0_151\lib\ext\zipfs.jar;C:\Users\COLCIC\Documents\workspace-sts-3.9.1.RELEASE\empresa\target\classes;C:\Users\COLCIC\.m2\repository\org\springframework\boot\spring-boot-starter-data-jpa\1.5.8.RELEASE\spring-boot-starter-data-jpa-1.5.8.RELEASE.jar;C:\Users\COLCIC\.m2\repository\org\springframework\boot\spring-boot-starter\1.5.8.RELEASE\spring-boot-starter-1.5.8.RELEASE.jar;C:\Users\COLCIC\.m2\repository\org\springframework\boot\spring-boot-starter-logging\1.5.8.RELEASE\spring-boot-starter-logging-1.5.8.RELEASE.jar;C:\Users\COLCIC\.m2\repository\ch\qos\logback\logback-classic\1.1.11\logback-classic-1.1.11.jar;C:\Users\COLCIC\.m2\repository\ch\qos\logback\logback-core\1.1.11\logback-core-1.1.11.jar;C:\Users\COLCIC\.m2\repository\org\slf4j\jul-to-slf4j\1.7.25\jul-to-slf4j-1.7.25.jar;C:\Users\COLCIC\.m2\repository\org\slf4j\log4j-over-slf4j\1.7.25\log4j-over-slf4j-1.7.25.jar;C:\Users\COLCIC\.m2\repository\org\yaml\snakeyaml\1.17\snakeyaml-1.17.jar;C:\Users\COLCIC\.m2\repository\org\springframework\boot\spring-boot-
Launcher Type: SUN_STANDARD

Environment Variables:
JAVA_HOME=C:\Program Files\Java\jdk1.8.0_121
CLASSPATH=C:\Program Files\Java\jdk1.8.0_121\lib\tools.jar
PATH=C:/Program Files/Java/jre1.8.0_151/bin/server;C:/Program Files/Java/jre1.8.0_151/bin;C:/Program Files/Java/jre1.8.0_151/lib/amd64;C:\Ruby23-x64\bin;C:\Program Files (x86)\Python36-32\Scripts\;C:\Program Files (x86)\Python36-32\;C:\ProgramData\Oracle\Java\javapath;C:\Windows\system32;C:\Windows;C:\Windows\System32\Wbem;C:\Windows\System32\WindowsPowerShell\v1.0\;C:\Users\Administrator\.dnx\bin;C:\Program Files\Microsoft DNX\Dnvm\;C:\Program Files\Microsoft SQL Server\120\Tools\Binn\;C:\Program Files\Microsoft SQL Server\130\Tools\Binn\;C:\gpt\bin;C:\Program Files\Java\jdk1.8.0_121\bin;C:\Program Files (x86)\MiKTeX 2.9\miktex\bin\;C:\Ruby23-x64\bin;C:\Program Files (x86)\Python36-32\Scripts\;C:\Program Files (x86)\Python36-32\;C:\ProgramData\Oracle\Java\javapath;C:\Windows\system32;C:\Windows;C:\Windows\System32\Wbem;C:\Windows\System32\WindowsPowerShell\v1.0\;C:\Users\Administrator\.dnx\bin;C:\Program Files\Microsoft DNX\Dnvm\;C:\Program Files\Microsoft SQL Server\120\Tools\Binn\;C:\Program Files\Microsoft SQL Server\130\Tools\Binn\;C:\gpt\bin;C:\Program Files\Java\jdk1.8.0_121\bin;C:\Program Files (x86)\MiKTeX 2.9\miktex\bin\;C:\Users\COLCIC\AppData\Local\Programs\Git\cmd;C:\Users\Public\Documents\sts-bundle\sts-3.9.1.RELEASE;
USERNAME=COLCIC
OS=Windows_NT
PROCESSOR_IDENTIFIER=Intel64 Family 6 Model 42 Stepping 7, GenuineIntel



---------------  S Y S T E M  ---------------

OS: Windows 7 , 64 bit Build 7601 (6.1.7601.23915)

CPU:total 4 (initial active 4) (2 cores per cpu, 2 threads per core) family 6 model 42 stepping 7, cmov, cx8, fxsr, mmx, sse, sse2, sse3, ssse3, sse4.1, sse4.2, popcnt, avx, clmul, ht, tsc, tscinvbit

Memory: 4k page, physical 4104836k(1402272k free), swap 8207812k(5005024k free)

vm_info: Java HotSpot(TM) 64-Bit Server VM (25.151-b12) for windows-amd64 JRE (1.8.0_151-b12), built on Sep  5 2017 19:33:46 by "java_re" with MS VC++ 10.0 (VS2010)

time: Thu Nov 09 13:22:17 2017
elapsed time: 0 seconds (0d 0h 0m 0s)

